<?xml version="1.0" encoding="UTF-8"?>
<testsuite xmlns:xsi="http://www.w3.org/2001/XMLSchema-instance" xsi:noNamespaceSchemaLocation="https://maven.apache.org/surefire/maven-surefire-plugin/xsd/surefire-test-report.xsd" version="3.0.2" name="com.example.messaging_service.WebSocketIntegrationTest" time="0.955" tests="1" errors="0" skipped="0" failures="0">
  <properties>
[...]
</properties>
  <testcase name="testMessageExchange" classname="com.example.messaging_service.WebSocketIntegrationTest" time="0.146">
    <system-out><![CDATA[2025-04-28T15:44:53.032+01:00  INFO 41542 --- [messaging-service] [           main] t.c.s.AnnotationConfigContextLoaderUtils : Could not detect default configuration classes for test class [com.example.messaging_service.WebSocketIntegrationTest]: WebSocketIntegrationTest does not declare any static, non-private, non-final, nested classes annotated with @Configuration.
2025-04-28T15:44:53.035+01:00  INFO 41542 --- [messaging-service] [           main] .b.t.c.SpringBootTestContextBootstrapper : Found @SpringBootConfiguration com.example.messaging_service.MessagingServiceApplication for test class com.example.messaging_service.WebSocketIntegrationTest

  .   ____          _            __ _ _
 /\\ / ___'_ __ _ _(_)_ __  __ _ \ \ \ \
( ( )\___ | '_ | '_| | '_ \/ _` | \ \ \ \
 \\/  ___)| |_)| | | | | || (_| |  ) ) ) )
  '  |____| .__|_| |_|_| |_\__, | / / / /
 =========|_|==============|___/=/_/_/_/

 :: Spring Boot ::                (v3.4.4)

2025-04-28T15:44:53.092+01:00  INFO 41542 --- [messaging-service] [           main] c.e.m.WebSocketIntegrationTest           : Starting WebSocketIntegrationTest using Java 17.0.12 with PID 41542 (started by saif in /home/saif/Documents/ISSAT23/springBootProject/messaging_app/messaging-service)
2025-04-28T15:44:53.092+01:00  INFO 41542 --- [messaging-service] [           main] c.e.m.WebSocketIntegrationTest           : No active profile set, falling back to 1 default profile: "default"
2025-04-28T15:44:53.292+01:00 ERROR 41542 --- [messaging-service] [           main] o.a.catalina.core.AprLifecycleListener   : An incompatible version [1.2.23] of the Apache Tomcat Native library is installed, while Tomcat requires version [1.2.34]
2025-04-28T15:44:53.440+01:00  INFO 41542 --- [messaging-service] [           main] o.s.b.w.embedded.tomcat.TomcatWebServer  : Tomcat initialized with port 0 (http)
2025-04-28T15:44:53.451+01:00  INFO 41542 --- [messaging-service] [           main] o.apache.catalina.core.StandardService   : Starting service [Tomcat]
2025-04-28T15:44:53.452+01:00  INFO 41542 --- [messaging-service] [           main] o.apache.catalina.core.StandardEngine    : Starting Servlet engine: [Apache Tomcat/10.1.39]
2025-04-28T15:44:53.502+01:00  INFO 41542 --- [messaging-service] [           main] o.a.c.c.C.[Tomcat].[localhost].[/]       : Initializing Spring embedded WebApplicationContext
2025-04-28T15:44:53.503+01:00  INFO 41542 --- [messaging-service] [           main] w.s.c.ServletWebServerApplicationContext : Root WebApplicationContext: initialization completed in 407 ms
2025-04-28T15:44:53.831+01:00  INFO 41542 --- [messaging-service] [           main] o.s.b.w.embedded.tomcat.TomcatWebServer  : Tomcat started on port 16799 (http) with context path '/'
2025-04-28T15:44:53.834+01:00  INFO 41542 --- [messaging-service] [           main] c.e.m.WebSocketIntegrationTest           : Started WebSocketIntegrationTest in 0.793 seconds (process running for 5.139)
2025-04-28T15:44:53.905+01:00  INFO 41542 --- [messaging-service] [o-auto-1-exec-1] o.a.c.c.C.[Tomcat].[localhost].[/]       : Initializing Spring DispatcherServlet 'dispatcherServlet'
2025-04-28T15:44:53.906+01:00  INFO 41542 --- [messaging-service] [o-auto-1-exec-1] o.s.web.servlet.DispatcherServlet        : Initializing Servlet 'dispatcherServlet'
2025-04-28T15:44:53.907+01:00  INFO 41542 --- [messaging-service] [o-auto-1-exec-1] o.s.web.servlet.DispatcherServlet        : Completed initialization in 1 ms
User connected: alice
]]></system-out>
  </testcase>
</testsuite>